[0m14:06:13.146760 [debug] [MainThread]: Sending event: {'category': 'dbt', 'action': 'invocation', 'label': 'start', 'context': [<snowplow_tracker.self_describing_json.SelfDescribingJson object at 0x10c877a40>, <snowplow_tracker.self_describing_json.SelfDescribingJson object at 0x10d597b60>, <snowplow_tracker.self_describing_json.SelfDescribingJson object at 0x10c87c1d0>]}


============================== 14:06:13.169726 | 491dda38-c18d-4353-be6d-9d62da9b0de3 ==============================
[0m14:06:13.169726 [info ] [MainThread]: Running with dbt=1.11.7
[0m14:06:13.170049 [debug] [MainThread]: running dbt with arguments {'indirect_selection': 'eager', 'empty': 'None', 'introspect': 'True', 'quiet': 'False', 'profiles_dir': '/Users/hemantsahu/.dbt', 'invocation_command': 'dbt init', 'warn_error_options': 'WarnErrorOptionsV2(error=[], warn=[], silence=[])', 'fail_fast': 'False', 'partial_parse': 'True', 'log_format': 'default', 'no_print': 'None', 'static_parser': 'True', 'log_path': 'logs', 'write_json': 'True', 'warn_error': 'None', 'use_experimental_parser': 'False', 'printer_width': '80', 'send_anonymous_usage_stats': 'True', 'target_path': 'None', 'version_check': 'True', 'log_cache_events': 'False', 'debug': 'False', 'use_colors': 'True', 'cache_selected_only': 'False'}
[0m14:06:13.204381 [info ] [MainThread]: Creating dbt configuration folder at /Users/hemantsahu/.dbt
[0m14:07:00.701720 [debug] [MainThread]: Starter project path: /Users/hemantsahu/Desktop/DBT/.venv/lib/python3.12/site-packages/dbt/include/starter_project
[0m14:07:00.726188 [info ] [MainThread]: 
Your new dbt project "hemant_dbt" was created!

For more information on how to configure the profiles.yml file,
please consult the dbt documentation here:

  https://docs.getdbt.com/docs/configure-your-profile

One more thing:

Need help? Don't hesitate to reach out to us via GitHub issues or on Slack:

  https://community.getdbt.com/

Happy modeling!

[0m14:07:00.728181 [info ] [MainThread]: Setting up your profile.
[0m14:07:05.362078 [debug] [MainThread]: Spark adapter: Setting pyhive.hive logging to ERROR
[0m14:07:05.362348 [debug] [MainThread]: Spark adapter: Setting thrift.transport logging to ERROR
[0m14:07:05.362496 [debug] [MainThread]: Spark adapter: Setting thrift.protocol logging to ERROR
[0m14:18:47.683965 [info ] [MainThread]: Profile hemant_dbt written to /Users/hemantsahu/.dbt/profiles.yml using target's profile_template.yml and your supplied values. Run 'dbt debug' to validate the connection.
[0m14:18:48.460512 [debug] [MainThread]: Resource report: {"command_name": "init", "command_success": true, "command_wall_clock_time": 755.34875, "process_in_blocks": "0", "process_kernel_time": 0.969201, "process_mem_max_rss": "301940736", "process_out_blocks": "0", "process_user_time": 4.032557}
[0m14:18:48.513459 [debug] [MainThread]: Command `dbt init` succeeded at 14:18:48.511983 after 755.41 seconds
[0m14:18:48.527774 [debug] [MainThread]: Sending event: {'category': 'dbt', 'action': 'invocation', 'label': 'end', 'context': [<snowplow_tracker.self_describing_json.SelfDescribingJson object at 0x10c877a40>, <snowplow_tracker.self_describing_json.SelfDescribingJson object at 0x1100ab2c0>, <snowplow_tracker.self_describing_json.SelfDescribingJson object at 0x114670050>]}
[0m14:18:48.530579 [debug] [MainThread]: Flushing usage events
[0m14:18:49.775678 [debug] [MainThread]: An error was encountered while trying to flush usage events
[0m14:19:03.176158 [debug] [MainThread]: Sending event: {'category': 'dbt', 'action': 'invocation', 'label': 'start', 'context': [<snowplow_tracker.self_describing_json.SelfDescribingJson object at 0x1089fce00>, <snowplow_tracker.self_describing_json.SelfDescribingJson object at 0x10923cb00>, <snowplow_tracker.self_describing_json.SelfDescribingJson object at 0x10923c710>]}


============================== 14:19:03.178979 | ec7fbc33-3505-4baf-bba0-de85276787db ==============================
[0m14:19:03.178979 [info ] [MainThread]: Running with dbt=1.11.7
[0m14:19:03.179290 [debug] [MainThread]: running dbt with arguments {'warn_error': 'None', 'use_colors': 'True', 'fail_fast': 'False', 'use_experimental_parser': 'False', 'log_cache_events': 'False', 'quiet': 'False', 'profiles_dir': '/Users/hemantsahu/.dbt', 'write_json': 'True', 'log_path': 'logs', 'debug': 'False', 'send_anonymous_usage_stats': 'True', 'log_format': 'default', 'no_print': 'None', 'printer_width': '80', 'introspect': 'True', 'invocation_command': 'dbt debug', 'target_path': 'None', 'static_parser': 'True', 'warn_error_options': 'WarnErrorOptionsV2(error=[], warn=[], silence=[])', 'cache_selected_only': 'False', 'empty': 'None', 'partial_parse': 'True', 'version_check': 'True', 'indirect_selection': 'eager'}
[0m14:19:03.190658 [info ] [MainThread]: dbt version: 1.11.7
[0m14:19:03.190899 [info ] [MainThread]: python version: 3.12.13
[0m14:19:03.191041 [info ] [MainThread]: python path: /Users/hemantsahu/Desktop/DBT/.venv/bin/python3
[0m14:19:03.191166 [info ] [MainThread]: os info: macOS-26.2-arm64-arm-64bit
[0m14:19:03.651190 [debug] [MainThread]: Spark adapter: Setting pyhive.hive logging to ERROR
[0m14:19:03.651445 [debug] [MainThread]: Spark adapter: Setting thrift.transport logging to ERROR
[0m14:19:03.651592 [debug] [MainThread]: Spark adapter: Setting thrift.protocol logging to ERROR
[0m14:19:04.357926 [info ] [MainThread]: Using profiles dir at /Users/hemantsahu/.dbt
[0m14:19:04.358194 [info ] [MainThread]: Using profiles.yml file at /Users/hemantsahu/.dbt/profiles.yml
[0m14:19:04.358359 [info ] [MainThread]: Using dbt_project.yml file at /Users/hemantsahu/Desktop/DBT/dbt_project.yml
[0m14:19:04.358512 [info ] [MainThread]: Configuration:
[0m14:19:04.358645 [info ] [MainThread]:   profiles.yml file [[31mERROR invalid[0m]
[0m14:19:04.358775 [info ] [MainThread]:   dbt_project.yml file [[31mERROR not found[0m]
[0m14:19:04.358907 [info ] [MainThread]: Required dependencies:
[0m14:19:04.359067 [debug] [MainThread]: Executing "git --help"
[0m14:19:04.391291 [debug] [MainThread]: STDOUT: "b"usage: git [-v | --version] [-h | --help] [-C <path>] [-c <name>=<value>]\n           [--exec-path[=<path>]] [--html-path] [--man-path] [--info-path]\n           [-p | --paginate | -P | --no-pager] [--no-replace-objects] [--no-lazy-fetch]\n           [--no-optional-locks] [--no-advice] [--bare] [--git-dir=<path>]\n           [--work-tree=<path>] [--namespace=<name>] [--config-env=<name>=<envvar>]\n           <command> [<args>]\n\nThese are common Git commands used in various situations:\n\nstart a working area (see also: git help tutorial)\n   clone      Clone a repository into a new directory\n   init       Create an empty Git repository or reinitialize an existing one\n\nwork on the current change (see also: git help everyday)\n   add        Add file contents to the index\n   mv         Move or rename a file, a directory, or a symlink\n   restore    Restore working tree files\n   rm         Remove files from the working tree and from the index\n\nexamine the history and state (see also: git help revisions)\n   bisect     Use binary search to find the commit that introduced a bug\n   diff       Show changes between commits, commit and working tree, etc\n   grep       Print lines matching a pattern\n   log        Show commit logs\n   show       Show various types of objects\n   status     Show the working tree status\n\ngrow, mark and tweak your common history\n   backfill   Download missing objects in a partial clone\n   branch     List, create, or delete branches\n   commit     Record changes to the repository\n   merge      Join two or more development histories together\n   rebase     Reapply commits on top of another base tip\n   reset      Set `HEAD` or the index to a known state\n   switch     Switch branches\n   tag        Create, list, delete or verify tags\n\ncollaborate (see also: git help workflows)\n   fetch      Download objects and refs from another repository\n   pull       Fetch from and integrate with another repository or a local branch\n   push       Update remote refs along with associated objects\n\n'git help -a' and 'git help -g' list available subcommands and some\nconcept guides. See 'git help <command>' or 'git help <concept>'\nto read about a specific subcommand or concept.\nSee 'git help git' for an overview of the system.\n""
[0m14:19:04.392233 [debug] [MainThread]: STDERR: "b''"
[0m14:19:04.392472 [info ] [MainThread]:  - git [[32mOK found[0m]

[0m14:19:04.392642 [info ] [MainThread]: Connection test skipped since no profile was found
[0m14:19:04.392979 [info ] [MainThread]: [31m2 checks failed:[0m
[0m14:19:04.393169 [info ] [MainThread]: Could not load dbt_project.yml
Profile loading failed for the following reason:
Runtime Error
  Credentials in profile "hemant_dbt", target "dev" invalid: Runtime Error
    The schema should not contain '.': dbt_tutorial_dev.default
    If you are trying to set a catalog, please use `catalog` instead.
    


[0m14:19:04.393336 [info ] [MainThread]: Project loading failed for the following reason:
 project path </Users/hemantsahu/Desktop/DBT/dbt_project.yml> not found

[0m14:19:04.397726 [debug] [MainThread]: Resource report: {"command_name": "debug", "command_success": false, "command_wall_clock_time": 1.2626549, "process_in_blocks": "0", "process_kernel_time": 0.276218, "process_mem_max_rss": "218857472", "process_out_blocks": "0", "process_user_time": 1.37676}
[0m14:19:04.398335 [debug] [MainThread]: Command `dbt debug` failed at 14:19:04.398264 after 1.26 seconds
[0m14:19:04.398665 [debug] [MainThread]: Sending event: {'category': 'dbt', 'action': 'invocation', 'label': 'end', 'context': [<snowplow_tracker.self_describing_json.SelfDescribingJson object at 0x11021d880>, <snowplow_tracker.self_describing_json.SelfDescribingJson object at 0x1108c9e80>, <snowplow_tracker.self_describing_json.SelfDescribingJson object at 0x1108f5d90>]}
[0m14:19:04.398924 [debug] [MainThread]: Flushing usage events
[0m14:19:05.447356 [debug] [MainThread]: An error was encountered while trying to flush usage events
[0m14:40:47.900836 [debug] [MainThread]: Sending event: {'category': 'dbt', 'action': 'invocation', 'label': 'start', 'context': [<snowplow_tracker.self_describing_json.SelfDescribingJson object at 0x10b605d00>, <snowplow_tracker.self_describing_json.SelfDescribingJson object at 0x10bcf4a40>, <snowplow_tracker.self_describing_json.SelfDescribingJson object at 0x10bcf4680>]}


============================== 14:40:47.904391 | 603d8cc2-9944-4f14-ad87-3b356ef5382f ==============================
[0m14:40:47.904391 [info ] [MainThread]: Running with dbt=1.11.7
[0m14:40:47.904700 [debug] [MainThread]: running dbt with arguments {'version_check': 'True', 'log_cache_events': 'False', 'use_experimental_parser': 'False', 'introspect': 'True', 'invocation_command': 'dbt init', 'warn_error_options': 'WarnErrorOptionsV2(error=[], warn=[], silence=[])', 'write_json': 'True', 'warn_error': 'None', 'profiles_dir': '/Users/hemantsahu/.dbt', 'static_parser': 'True', 'target_path': 'None', 'cache_selected_only': 'False', 'quiet': 'False', 'send_anonymous_usage_stats': 'True', 'log_path': 'logs', 'log_format': 'default', 'empty': 'None', 'printer_width': '80', 'fail_fast': 'False', 'indirect_selection': 'eager', 'partial_parse': 'True', 'use_colors': 'True', 'no_print': 'None', 'debug': 'False'}
[0m14:40:58.329266 [info ] [MainThread]: A project called hemant_dbt already exists here.
[0m14:40:58.345227 [debug] [MainThread]: Resource report: {"command_name": "init", "command_success": true, "command_wall_clock_time": 10.478869, "process_in_blocks": "0", "process_kernel_time": 0.180795, "process_mem_max_rss": "106102784", "process_out_blocks": "0", "process_user_time": 0.745167}
[0m14:40:58.354286 [debug] [MainThread]: Command `dbt init` succeeded at 14:40:58.353310 after 10.49 seconds
[0m14:40:58.358116 [debug] [MainThread]: Sending event: {'category': 'dbt', 'action': 'invocation', 'label': 'end', 'context': [<snowplow_tracker.self_describing_json.SelfDescribingJson object at 0x10b605d00>, <snowplow_tracker.self_describing_json.SelfDescribingJson object at 0x10bcbbfb0>, <snowplow_tracker.self_describing_json.SelfDescribingJson object at 0x10bcf48f0>]}
[0m14:40:58.359967 [debug] [MainThread]: Flushing usage events
[0m14:40:59.360032 [debug] [MainThread]: An error was encountered while trying to flush usage events
